[rank0]: Traceback (most recent call last):
[rank0]:   File "/cpfs01/projects-HDD/cfff-377aad6b032c_HDD/chenshuai/wenxuan/mta/lingbot-va/wan_va/wan_va_server.py", line 754, in <module>
[rank0]:     main()
[rank0]:   File "/cpfs01/projects-HDD/cfff-377aad6b032c_HDD/chenshuai/wenxuan/mta/lingbot-va/wan_va/wan_va_server.py", line 748, in main
[rank0]:     run(args)
[rank0]:   File "/cpfs01/projects-HDD/cfff-377aad6b032c_HDD/chenshuai/wenxuan/mta/lingbot-va/wan_va/wan_va_server.py", line 713, in run
[rank0]:     model = VA_Server(config)
[rank0]:   File "/cpfs01/projects-HDD/cfff-377aad6b032c_HDD/chenshuai/wenxuan/mta/lingbot-va/wan_va/wan_va_server.py", line 63, in __init__
[rank0]:     job_config.vae_path,
[rank0]: AttributeError: 'EasyDict' object has no attribute 'vae_path'
[rank0]:[W313 10:38:39.228748150 ProcessGroupNCCL.cpp:1524] Warning: WARNING: destroy_process_group() was not called before program exit, which can leak resources. For more info, please see https://pytorch.org/docs/stable/distributed.html#shutdown (function operator())
E0313 10:38:40.743000 61675 site-packages/torch/distributed/elastic/multiprocessing/api.py:882] failed (exitcode: 1) local_rank: 0 (pid: 61818) of binary: /cpfs01/projects-HDD/cfff-377aad6b032c_HDD/chenshuai/miniconda3/envs/lingbot/bin/python
Traceback (most recent call last):
  File "/cpfs01/projects-HDD/cfff-377aad6b032c_HDD/chenshuai/miniconda3/envs/lingbot/lib/python3.10/runpy.py", line 196, in _run_module_as_main
    return _run_code(code, main_globals, None,
  File "/cpfs01/projects-HDD/cfff-377aad6b032c_HDD/chenshuai/miniconda3/envs/lingbot/lib/python3.10/runpy.py", line 86, in _run_code
    exec(code, run_globals)
  File "/cpfs01/projects-HDD/cfff-377aad6b032c_HDD/chenshuai/miniconda3/envs/lingbot/lib/python3.10/site-packages/torch/distributed/run.py", line 940, in <module>
    main()
  File "/cpfs01/projects-HDD/cfff-377aad6b032c_HDD/chenshuai/miniconda3/envs/lingbot/lib/python3.10/site-packages/torch/distributed/elastic/multiprocessing/errors/__init__.py", line 357, in wrapper
    return f(*args, **kwargs)
  File "/cpfs01/projects-HDD/cfff-377aad6b032c_HDD/chenshuai/miniconda3/envs/lingbot/lib/python3.10/site-packages/torch/distributed/run.py", line 936, in main
    run(args)
  File "/cpfs01/projects-HDD/cfff-377aad6b032c_HDD/chenshuai/miniconda3/envs/lingbot/lib/python3.10/site-packages/torch/distributed/run.py", line 927, in run
    elastic_launch(
  File "/cpfs01/projects-HDD/cfff-377aad6b032c_HDD/chenshuai/miniconda3/envs/lingbot/lib/python3.10/site-packages/torch/distributed/launcher/api.py", line 156, in __call__
    return launch_agent(self._config, self._entrypoint, list(args))
  File "/cpfs01/projects-HDD/cfff-377aad6b032c_HDD/chenshuai/miniconda3/envs/lingbot/lib/python3.10/site-packages/torch/distributed/launcher/api.py", line 293, in launch_agent
    raise ChildFailedError(
torch.distributed.elastic.multiprocessing.errors.ChildFailedError: 
============================================================
wan_va/wan_va_server.py FAILED
------------------------------------------------------------
Failures:
  <NO_OTHER_FAILURES>
------------------------------------------------------------
Root Cause (first observed failure):
[0]:
  time      : 2026-03-13_10:38:40
  host      : dsw-30986-596c8c7ddb-xrv2c
  rank      : 0 (local_rank: 0)
  exitcode  : 1 (pid: 61818)
  error_file: <N/A>
  traceback : To enable traceback see: https://pytorch.org/docs/stable/elastic/errors.html
============================================================
