/cpfs01/projects-HDD/cfff-377aad6b032c_HDD/chenshuai/miniconda3/envs/lingbot/lib/python3.10/site-packages/torch/amp/autocast_mode.py:270: UserWarning: User provided device_type of 'cuda', but CUDA is not available. Disabling
  warnings.warn(
Traceback (most recent call last):
  File "/cpfs01/projects-HDD/cfff-377aad6b032c_HDD/chenshuai/wenxuan/mta/lingbot-va/wan_va/modules/model.py", line 30, in <module>
    from flash_attn_interface import flash_attn_func
ModuleNotFoundError: No module named 'flash_attn_interface'

During handling of the above exception, another exception occurred:

Traceback (most recent call last):
  File "/cpfs01/projects-HDD/cfff-377aad6b032c_HDD/chenshuai/wenxuan/mta/lingbot-va/wan_va/wan_va_server.py", line 23, in <module>
    from modules.utils import (
  File "/cpfs01/projects-HDD/cfff-377aad6b032c_HDD/chenshuai/wenxuan/mta/lingbot-va/wan_va/modules/__init__.py", line 2, in <module>
    from .utils import load_text_encoder, load_tokenizer, load_transformer, load_vae
  File "/cpfs01/projects-HDD/cfff-377aad6b032c_HDD/chenshuai/wenxuan/mta/lingbot-va/wan_va/modules/utils.py", line 9, in <module>
    from .model import WanTransformer3DModel
  File "/cpfs01/projects-HDD/cfff-377aad6b032c_HDD/chenshuai/wenxuan/mta/lingbot-va/wan_va/modules/model.py", line 32, in <module>
    from flash_attn import flash_attn_func
ModuleNotFoundError: No module named 'flash_attn'
E0220 15:23:40.539000 48037 site-packages/torch/distributed/elastic/multiprocessing/api.py:882] failed (exitcode: 1) local_rank: 0 (pid: 48105) of binary: /cpfs01/projects-HDD/cfff-377aad6b032c_HDD/chenshuai/miniconda3/envs/lingbot/bin/python
Traceback (most recent call last):
  File "/cpfs01/projects-HDD/cfff-377aad6b032c_HDD/chenshuai/miniconda3/envs/lingbot/lib/python3.10/runpy.py", line 196, in _run_module_as_main
    return _run_code(code, main_globals, None,
  File "/cpfs01/projects-HDD/cfff-377aad6b032c_HDD/chenshuai/miniconda3/envs/lingbot/lib/python3.10/runpy.py", line 86, in _run_code
    exec(code, run_globals)
  File "/cpfs01/projects-HDD/cfff-377aad6b032c_HDD/chenshuai/miniconda3/envs/lingbot/lib/python3.10/site-packages/torch/distributed/run.py", line 940, in <module>
    main()
  File "/cpfs01/projects-HDD/cfff-377aad6b032c_HDD/chenshuai/miniconda3/envs/lingbot/lib/python3.10/site-packages/torch/distributed/elastic/multiprocessing/errors/__init__.py", line 357, in wrapper
    return f(*args, **kwargs)
  File "/cpfs01/projects-HDD/cfff-377aad6b032c_HDD/chenshuai/miniconda3/envs/lingbot/lib/python3.10/site-packages/torch/distributed/run.py", line 936, in main
    run(args)
  File "/cpfs01/projects-HDD/cfff-377aad6b032c_HDD/chenshuai/miniconda3/envs/lingbot/lib/python3.10/site-packages/torch/distributed/run.py", line 927, in run
    elastic_launch(
  File "/cpfs01/projects-HDD/cfff-377aad6b032c_HDD/chenshuai/miniconda3/envs/lingbot/lib/python3.10/site-packages/torch/distributed/launcher/api.py", line 156, in __call__
    return launch_agent(self._config, self._entrypoint, list(args))
  File "/cpfs01/projects-HDD/cfff-377aad6b032c_HDD/chenshuai/miniconda3/envs/lingbot/lib/python3.10/site-packages/torch/distributed/launcher/api.py", line 293, in launch_agent
    raise ChildFailedError(
torch.distributed.elastic.multiprocessing.errors.ChildFailedError: 
============================================================
wan_va/wan_va_server.py FAILED
------------------------------------------------------------
Failures:
  <NO_OTHER_FAILURES>
------------------------------------------------------------
Root Cause (first observed failure):
[0]:
  time      : 2026-02-20_15:23:40
  host      : dsw-30986-596c8c7ddb-qcmr5
  rank      : 0 (local_rank: 0)
  exitcode  : 1 (pid: 48105)
  error_file: <N/A>
  traceback : To enable traceback see: https://pytorch.org/docs/stable/elastic/errors.html
============================================================
